Running: /opt/Xilinx/14.7/ISE_DS/ISE/bin/lin64/unwrapped/fuse -relaunch -intstyle "ise" -incremental -lib "unisims_ver" -lib "unimacro_ver" -lib "xilinxcorelib_ver" -lib "secureip" -o "/home/Administrators/jeffrey/xilinx/work_freqmode/tester_SEUcounter_isim_beh.exe" -prj "/home/Administrators/jeffrey/xilinx/work_freqmode/tester_SEUcounter_beh.prj" "work.tester_SEUcounter" "work.glbl" 
ISim P.20131013 (signature 0xfbc00daa)
Number of CPUs detected in this system: 8
Turning on mult-threading, number of parallel sub-compilation jobs: 16 
Determining compilation order of HDL files
Analyzing Verilog file "/home/Administrators/jeffrey/xilinx/work_freqmode/SEUcounter.v" into library work
Analyzing Verilog file "/home/Administrators/jeffrey/xilinx/work_freqmode/tester_SEUcounter.v" into library work
Analyzing Verilog file "/opt/Xilinx/14.7/ISE_DS/ISE//verilog/src/glbl.v" into library work
Starting static elaboration
Completed static elaboration
Fuse Memory Usage: 93876 KB
Fuse CPU Usage: 1030 ms
Compiling module SEUcounter
Compiling module tester_SEUcounter
Compiling module glbl
Time Resolution for simulation is 1ps.
Waiting for 1 sub-compilation(s) to finish...
Compiled 3 Verilog Units
Built simulation executable /home/Administrators/jeffrey/xilinx/work_freqmode/tester_SEUcounter_isim_beh.exe
Fuse Memory Usage: 1176316 KB
Fuse CPU Usage: 1070 ms
GCC CPU Usage: 70 ms
