ISim log file
Running: /home/Administrators/jeffrey/xilinx/work_freqmode/tester_SEUcounter_isim_beh.exe -intstyle ise -gui -tclbatch isim.cmd -wdb /home/Administrators/jeffrey/xilinx/work_freqmode/tester_SEUcounter_isim_beh.wdb 
ISim P.20131013 (signature 0xfbc00daa)
This is a Full version of ISim.
Time resolution is 1 ps
# onerror resume
# wave add /
# run 1000 ns
Simulator is doing circuit initialization process.
Finished circuit initialization process.
Stopped at time : 500 ns : File "/home/Administrators/jeffrey/xilinx/work_freqmode/tester_SEUcounter.v" Line 64
# restart
# run all
Simulator is doing circuit initialization process.
Finished circuit initialization process.
Stopped at time : 500 ns : File "/home/Administrators/jeffrey/xilinx/work_freqmode/tester_SEUcounter.v" Line 64
# restart
# run all
Simulator is doing circuit initialization process.
Finished circuit initialization process.
Stopped at time : 500 ns : File "/home/Administrators/jeffrey/xilinx/work_freqmode/tester_SEUcounter.v" Line 64
# restart
ISim P.20131013 (signature 0xfbc00daa)
This is a Full version of ISim.
# run 1000 ns
Simulator is doing circuit initialization process.
Finished circuit initialization process.
Stopped at time : 630 ns : File "/home/Administrators/jeffrey/xilinx/work_freqmode/tester_SEUcounter.v" Line 68
ISim P.20131013 (signature 0xfbc00daa)
This is a Full version of ISim.
# run 1000 ns
Simulator is doing circuit initialization process.
Finished circuit initialization process.
Stopped at time : 630 ns : File "/home/Administrators/jeffrey/xilinx/work_freqmode/tester_SEUcounter.v" Line 68
ISim P.20131013 (signature 0xfbc00daa)
This is a Full version of ISim.
# run 1000 ns
Simulator is doing circuit initialization process.
Finished circuit initialization process.
Stopped at time : 630 ns : File "/home/Administrators/jeffrey/xilinx/work_freqmode/tester_SEUcounter.v" Line 68
# restart
# run all
Simulator is doing circuit initialization process.
Finished circuit initialization process.
Stopped at time : 630 ns : File "/home/Administrators/jeffrey/xilinx/work_freqmode/tester_SEUcounter.v" Line 68
ISim P.20131013 (signature 0xfbc00daa)
This is a Full version of ISim.
# run 1000 ns
Simulator is doing circuit initialization process.
Finished circuit initialization process.
Stopped at time : 670 ns : File "/home/Administrators/jeffrey/xilinx/work_freqmode/tester_SEUcounter.v" Line 72
# run all
Stopped at time : 86249015 ns : File "/home/Administrators/jeffrey/xilinx/work_freqmode/SEUcounter.v" Line 34
# restart
ISim P.20131013 (signature 0xfbc00daa)
This is a Full version of ISim.
# run 1000 ns
Simulator is doing circuit initialization process.
Finished circuit initialization process.
Stopped at time : 670 ns : File "/home/Administrators/jeffrey/xilinx/work_freqmode/tester_SEUcounter.v" Line 72
ISim P.20131013 (signature 0xfbc00daa)
This is a Full version of ISim.
# run 1000 ns
Simulator is doing circuit initialization process.
Finished circuit initialization process.
Stopped at time : 1 us : File "/home/Administrators/jeffrey/xilinx/work_freqmode/tester_SEUcounter.v" Line 72
# run all
Stopped at time : 226283845 ns : File "/home/Administrators/jeffrey/xilinx/work_freqmode/SEUcounter.v" Line 30
ISim P.20131013 (signature 0xfbc00daa)
This is a Full version of ISim.
# run 1000 ns
Simulator is doing circuit initialization process.
Finished circuit initialization process.
Stopped at time : 1 us : File "/home/Administrators/jeffrey/xilinx/work_freqmode/tester_SEUcounter.v" Line 72
# exit 0
